<?xml version="1.0" encoding="UTF-8"?>
<!-- Generated by org.testng.reporters.JUnitXMLReporter -->
<testsuite hostname="DESKTOP-AELALK6" ignored="3" name="Test" tests="9" failures="2" timestamp="2023-12-17T11:51:46 EST" time="0.399" errors="0">
  <testcase name="testcase3" time="0.006" classname="TestNG.SampleTestNG"/>
  <testcase name="testcase1" time="0.03" classname="TestNG.SampleTestNG"/>
  <testcase name="testcase2" time="0.003" classname="TestNG.SampleTestNG"/>
  <testcase name="testcase1" time="0.005" classname="TestNG.SampleTestNG2"/>
  <testcase name="testcase3" time="0.013" classname="TestNG.SampleTestNG2">
    <failure type="java.lang.ArrayIndexOutOfBoundsException" message="2">
      <![CDATA[java.lang.ArrayIndexOutOfBoundsException: 2
at TestNG.SampleTestNG2.testcase3(SampleTestNG2.java:55)
at java.util.ArrayList.forEach(ArrayList.java:1257)
... Removed 27 stack frames]]>
    </failure>
  </testcase> <!-- testcase3 -->
  <testcase name="testcase2" time="0.0" classname="TestNG.SampleTestNG2">
    <skipped/>
  </testcase> <!-- testcase2 -->
  <testcase name="testcase1" time="0.003" classname="TestNG.SampleTestNG3"/>
  <testcase name="testcase3" time="0.009" classname="TestNG.SampleTestNG3">
    <failure type="java.lang.ArrayIndexOutOfBoundsException" message="2">
      <![CDATA[java.lang.ArrayIndexOutOfBoundsException: 2
at TestNG.SampleTestNG3.testcase3(SampleTestNG3.java:55)
at java.util.ArrayList.forEach(ArrayList.java:1257)
... Removed 27 stack frames]]>
    </failure>
  </testcase> <!-- testcase3 -->
  <testcase name="testcase2" time="0.0" classname="TestNG.SampleTestNG3">
    <skipped/>
  </testcase> <!-- testcase2 -->
  <testcase name="testcase4" time="0.0" classname="TestNG.SampleTestNG2">
    <ignored/>
  </testcase> <!-- testcase4 -->
  <testcase name="testcase4" time="0.0" classname="TestNG.SampleTestNG3">
    <ignored/>
  </testcase> <!-- testcase4 -->
  <testcase name="testcase4" time="0.0" classname="TestNG.SampleTestNG">
    <ignored/>
  </testcase> <!-- testcase4 -->
</testsuite> <!-- Test -->
