<?xml version="1.0" encoding="UTF-8"?>
<!-- Generated by org.testng.reporters.JUnitXMLReporter -->
<testsuite hostname="DESKTOP-AELALK6" ignored="2" name="Test2" tests="2" failures="0" timestamp="2023-12-17T12:00:42 EST" time="0.075" errors="0">
  <testcase name="testcase1" time="0.004" classname="TestNG.SampleTestNG2"/>
  <testcase name="testcase3" time="0.006" classname="TestNG.SampleTestNG2"/>
  <testcase name="testcase4" time="0.0" classname="TestNG.SampleTestNG2">
    <ignored/>
  </testcase> <!-- testcase4 -->
  <testcase name="testcase2" time="0.0" classname="TestNG.SampleTestNG2">
    <ignored/>
  </testcase> <!-- testcase2 -->
</testsuite> <!-- Test2 -->
